<?xml version="1.0" encoding="UTF-8"?>
<testng-results ignored="14" total="24" passed="9" failed="1" skipped="0">
  <reporter-output>
  </reporter-output>
  <suite started-at="2024-03-19T01:16:58 IST" name="Suite" finished-at="2024-03-19T01:22:19 IST" duration-ms="320827">
    <groups>
      <group name="Sanity">
        <method signature="AccountCreationTest.createAccount()[pri:0, instance:com.MyStore.TestCases.AccountCreationTest@35d019a3]" name="createAccount" class="com.MyStore.TestCases.AccountCreationTest"/>
        <method signature="AddToCartPageTest.addToCartTest()[pri:0, instance:com.MyStore.TestCases.AddToCartPageTest@18078bef]" name="addToCartTest" class="com.MyStore.TestCases.AddToCartPageTest"/>
        <method signature="LoginPageTest.loginTest()[pri:0, instance:com.MyStore.TestCases.LoginPageTest@799f10e1]" name="loginTest" class="com.MyStore.TestCases.LoginPageTest"/>
        <method signature="SearchResultTestPage.productAvialabilityTest()[pri:0, instance:com.MyStore.TestCases.SearchResultTestPage@55b699ef]" name="productAvialabilityTest" class="com.MyStore.TestCases.SearchResultTestPage"/>
      </group> <!-- Sanity -->
      <group name="Regression">
        <method signature="AddToCartPageTest.addToCartTest()[pri:0, instance:com.MyStore.TestCases.AddToCartPageTest@18078bef]" name="addToCartTest" class="com.MyStore.TestCases.AddToCartPageTest"/>
        <method signature="EndToEndTest.endToEndTest()[pri:0, instance:com.MyStore.TestCases.EndToEndTest@145f66e3]" name="endToEndTest" class="com.MyStore.TestCases.EndToEndTest"/>
        <method signature="OrderPageTest.verifyTotalPrice()[pri:0, instance:com.MyStore.TestCases.OrderPageTest@4c371370]" name="verifyTotalPrice" class="com.MyStore.TestCases.OrderPageTest"/>
      </group> <!-- Regression -->
      <group name="Smoke">
        <method signature="HomePageTest.verifyOrderHistory()[pri:0, instance:com.MyStore.TestCases.HomePageTest@689604d9]" name="verifyOrderHistory" class="com.MyStore.TestCases.HomePageTest"/>
        <method signature="IndexPageTest.verifyLogo()[pri:0, instance:com.MyStore.TestCases.IndexPageTest@74f0ea28]" name="verifyLogo" class="com.MyStore.TestCases.IndexPageTest"/>
        <method signature="IndexPageTest.verifyTitle()[pri:0, instance:com.MyStore.TestCases.IndexPageTest@74f0ea28]" name="verifyTitle" class="com.MyStore.TestCases.IndexPageTest"/>
        <method signature="LoginPageTest.loginTest()[pri:0, instance:com.MyStore.TestCases.LoginPageTest@799f10e1]" name="loginTest" class="com.MyStore.TestCases.LoginPageTest"/>
      </group> <!-- Smoke -->
    </groups>
    <test started-at="2024-03-19T01:16:58 IST" name="Test" finished-at="2024-03-19T01:22:19 IST" duration-ms="320827">
      <class name="com.MyStore.TestCases.LoginPageTest">
        <test-method is-config="true" signature="setUp(java.lang.String)[pri:0, instance:com.MyStore.TestCases.LoginPageTest@799f10e1]" started-at="2024-03-19T01:20:43 IST" name="setUp" finished-at="2024-03-19T01:20:57 IST" duration-ms="14454" status="PASS">
          <params>
            <param index="0">
              <value>
                <![CDATA[Chrome]]>
              </value>
            </param>
          </params>
          <reporter-output>
          </reporter-output>
        </test-method> <!-- setUp -->
        <test-method signature="loginTest()[pri:0, instance:com.MyStore.TestCases.LoginPageTest@799f10e1]" started-at="2024-03-19T01:20:57 IST" name="loginTest" finished-at="2024-03-19T01:21:01 IST" duration-ms="3750" status="PASS">
          <reporter-output>
          </reporter-output>
        </test-method> <!-- loginTest -->
        <test-method is-config="true" signature="tearDown()[pri:0, instance:com.MyStore.TestCases.LoginPageTest@799f10e1]" started-at="2024-03-19T01:21:01 IST" name="tearDown" finished-at="2024-03-19T01:21:01 IST" duration-ms="281" status="PASS">
          <reporter-output>
          </reporter-output>
        </test-method> <!-- tearDown -->
      </class> <!-- com.MyStore.TestCases.LoginPageTest -->
      <class name="com.MyStore.TestCases.SearchResultTestPage">
        <test-method is-config="true" signature="setUp(java.lang.String)[pri:0, instance:com.MyStore.TestCases.SearchResultTestPage@55b699ef]" started-at="2024-03-19T01:18:34 IST" name="setUp" finished-at="2024-03-19T01:18:52 IST" duration-ms="17371" status="PASS">
          <params>
            <param index="0">
              <value>
                <![CDATA[Chrome]]>
              </value>
            </param>
          </params>
          <reporter-output>
          </reporter-output>
        </test-method> <!-- setUp -->
        <test-method signature="productAvialabilityTest()[pri:0, instance:com.MyStore.TestCases.SearchResultTestPage@55b699ef]" started-at="2024-03-19T01:18:52 IST" name="productAvialabilityTest" finished-at="2024-03-19T01:18:55 IST" duration-ms="3829" status="PASS">
          <reporter-output>
          </reporter-output>
        </test-method> <!-- productAvialabilityTest -->
        <test-method is-config="true" signature="tearDown()[pri:0, instance:com.MyStore.TestCases.SearchResultTestPage@55b699ef]" started-at="2024-03-19T01:18:55 IST" name="tearDown" finished-at="2024-03-19T01:18:59 IST" duration-ms="3252" status="PASS">
          <reporter-output>
          </reporter-output>
        </test-method> <!-- tearDown -->
      </class> <!-- com.MyStore.TestCases.SearchResultTestPage -->
      <class name="com.MyStore.TestCases.IndexPageTest">
        <test-method is-config="true" signature="loadConfig()[pri:0, instance:com.MyStore.TestCases.IndexPageTest@74f0ea28]" started-at="2024-03-19T01:16:57 IST" name="loadConfig" finished-at="2024-03-19T01:16:58 IST" duration-ms="908" status="PASS">
          <reporter-output>
          </reporter-output>
        </test-method> <!-- loadConfig -->
        <test-method is-config="true" signature="setUp(java.lang.String)[pri:0, instance:com.MyStore.TestCases.IndexPageTest@74f0ea28]" started-at="2024-03-19T01:16:58 IST" name="setUp" finished-at="2024-03-19T01:18:12 IST" duration-ms="74124" status="PASS">
          <params>
            <param index="0">
              <value>
                <![CDATA[Chrome]]>
              </value>
            </param>
          </params>
          <reporter-output>
          </reporter-output>
        </test-method> <!-- setUp -->
        <test-method signature="verifyLogo()[pri:0, instance:com.MyStore.TestCases.IndexPageTest@74f0ea28]" started-at="2024-03-19T01:18:12 IST" name="verifyLogo" finished-at="2024-03-19T01:18:14 IST" duration-ms="1566" status="PASS">
          <reporter-output>
          </reporter-output>
        </test-method> <!-- verifyLogo -->
        <test-method is-config="true" signature="tearDown()[pri:0, instance:com.MyStore.TestCases.IndexPageTest@74f0ea28]" started-at="2024-03-19T01:18:14 IST" name="tearDown" finished-at="2024-03-19T01:18:15 IST" duration-ms="1676" status="PASS">
          <reporter-output>
          </reporter-output>
        </test-method> <!-- tearDown -->
        <test-method is-config="true" signature="setUp(java.lang.String)[pri:0, instance:com.MyStore.TestCases.IndexPageTest@74f0ea28]" started-at="2024-03-19T01:18:15 IST" name="setUp" finished-at="2024-03-19T01:18:33 IST" duration-ms="17743" status="PASS">
          <params>
            <param index="0">
              <value>
                <![CDATA[Chrome]]>
              </value>
            </param>
          </params>
          <reporter-output>
          </reporter-output>
        </test-method> <!-- setUp -->
        <test-method signature="verifyTitle()[pri:0, instance:com.MyStore.TestCases.IndexPageTest@74f0ea28]" started-at="2024-03-19T01:18:33 IST" name="verifyTitle" finished-at="2024-03-19T01:18:33 IST" duration-ms="25" status="PASS">
          <reporter-output>
          </reporter-output>
        </test-method> <!-- verifyTitle -->
        <test-method is-config="true" signature="tearDown()[pri:0, instance:com.MyStore.TestCases.IndexPageTest@74f0ea28]" started-at="2024-03-19T01:18:33 IST" name="tearDown" finished-at="2024-03-19T01:18:34 IST" duration-ms="1148" status="PASS">
          <reporter-output>
          </reporter-output>
        </test-method> <!-- tearDown -->
        <test-method is-config="true" signature="afterSuite()[pri:0, instance:com.MyStore.TestCases.IndexPageTest@74f0ea28]" started-at="2024-03-19T01:22:19 IST" name="afterSuite" finished-at="2024-03-19T01:22:21 IST" duration-ms="1709" status="PASS">
          <reporter-output>
          </reporter-output>
        </test-method> <!-- afterSuite -->
      </class> <!-- com.MyStore.TestCases.IndexPageTest -->
      <class name="com.MyStore.TestCases.HomePageTest">
        <test-method is-config="true" signature="setUp(java.lang.String)[pri:0, instance:com.MyStore.TestCases.HomePageTest@689604d9]" started-at="2024-03-19T01:19:53 IST" name="setUp" finished-at="2024-03-19T01:20:08 IST" duration-ms="14730" status="PASS">
          <params>
            <param index="0">
              <value>
                <![CDATA[Chrome]]>
              </value>
            </param>
          </params>
          <reporter-output>
          </reporter-output>
        </test-method> <!-- setUp -->
        <test-method signature="verifyOrderHistory()[pri:0, instance:com.MyStore.TestCases.HomePageTest@689604d9]" started-at="2024-03-19T01:20:08 IST" name="verifyOrderHistory" finished-at="2024-03-19T01:20:12 IST" duration-ms="4297" status="PASS">
          <reporter-output>
          </reporter-output>
        </test-method> <!-- verifyOrderHistory -->
        <test-method is-config="true" signature="tearDown()[pri:0, instance:com.MyStore.TestCases.HomePageTest@689604d9]" started-at="2024-03-19T01:20:12 IST" name="tearDown" finished-at="2024-03-19T01:20:13 IST" duration-ms="465" status="PASS">
          <reporter-output>
          </reporter-output>
        </test-method> <!-- tearDown -->
      </class> <!-- com.MyStore.TestCases.HomePageTest -->
      <class name="com.MyStore.TestCases.AddToCartPageTest">
        <test-method is-config="true" signature="setUp(java.lang.String)[pri:0, instance:com.MyStore.TestCases.AddToCartPageTest@18078bef]" started-at="2024-03-19T01:20:13 IST" name="setUp" finished-at="2024-03-19T01:20:25 IST" duration-ms="12006" status="PASS">
          <params>
            <param index="0">
              <value>
                <![CDATA[Chrome]]>
              </value>
            </param>
          </params>
          <reporter-output>
          </reporter-output>
        </test-method> <!-- setUp -->
        <test-method signature="addToCartTest()[pri:0, instance:com.MyStore.TestCases.AddToCartPageTest@18078bef]" started-at="2024-03-19T01:20:25 IST" name="addToCartTest" finished-at="2024-03-19T01:20:42 IST" duration-ms="17330" status="PASS">
          <reporter-output>
          </reporter-output>
        </test-method> <!-- addToCartTest -->
        <test-method is-config="true" signature="tearDown()[pri:0, instance:com.MyStore.TestCases.AddToCartPageTest@18078bef]" started-at="2024-03-19T01:20:42 IST" name="tearDown" finished-at="2024-03-19T01:20:43 IST" duration-ms="500" status="PASS">
          <reporter-output>
          </reporter-output>
        </test-method> <!-- tearDown -->
      </class> <!-- com.MyStore.TestCases.AddToCartPageTest -->
      <class name="com.MyStore.TestCases.AccountCreationTest">
        <test-method is-config="true" signature="setUp(java.lang.String)[pri:0, instance:com.MyStore.TestCases.AccountCreationTest@35d019a3]" started-at="2024-03-19T01:18:59 IST" name="setUp" finished-at="2024-03-19T01:19:23 IST" duration-ms="24113" status="PASS">
          <params>
            <param index="0">
              <value>
                <![CDATA[Chrome]]>
              </value>
            </param>
          </params>
          <reporter-output>
          </reporter-output>
        </test-method> <!-- setUp -->
        <test-method signature="createAccount()[pri:0, instance:com.MyStore.TestCases.AccountCreationTest@35d019a3]" started-at="2024-03-19T01:19:23 IST" name="createAccount" finished-at="2024-03-19T01:19:25 IST" duration-ms="2540" status="PASS">
          <reporter-output>
          </reporter-output>
        </test-method> <!-- createAccount -->
        <test-method is-config="true" signature="tearDown()[pri:0, instance:com.MyStore.TestCases.AccountCreationTest@35d019a3]" started-at="2024-03-19T01:19:25 IST" name="tearDown" finished-at="2024-03-19T01:19:26 IST" duration-ms="414" status="PASS">
          <reporter-output>
          </reporter-output>
        </test-method> <!-- tearDown -->
        <test-method is-config="true" signature="setUp(java.lang.String)[pri:0, instance:com.MyStore.TestCases.AccountCreationTest@35d019a3]" started-at="2024-03-19T01:19:26 IST" name="setUp" finished-at="2024-03-19T01:19:39 IST" duration-ms="12841" status="PASS">
          <params>
            <param index="0">
              <value>
                <![CDATA[Chrome]]>
              </value>
            </param>
          </params>
          <reporter-output>
          </reporter-output>
        </test-method> <!-- setUp -->
        <test-method signature="enterPersonalInformatio()[pri:0, instance:com.MyStore.TestCases.AccountCreationTest@35d019a3]" started-at="2024-03-19T01:19:39 IST" name="enterPersonalInformatio" finished-at="2024-03-19T01:19:53 IST" duration-ms="14169" status="PASS">
          <reporter-output>
          </reporter-output>
        </test-method> <!-- enterPersonalInformatio -->
        <test-method is-config="true" signature="tearDown()[pri:0, instance:com.MyStore.TestCases.AccountCreationTest@35d019a3]" started-at="2024-03-19T01:19:53 IST" name="tearDown" finished-at="2024-03-19T01:19:53 IST" duration-ms="397" status="PASS">
          <reporter-output>
          </reporter-output>
        </test-method> <!-- tearDown -->
      </class> <!-- com.MyStore.TestCases.AccountCreationTest -->
      <class name="com.MyStore.TestCases.OrderPageTest">
        <test-method is-config="true" signature="setUp(java.lang.String)[pri:0, instance:com.MyStore.TestCases.OrderPageTest@4c371370]" started-at="2024-03-19T01:21:01 IST" name="setUp" finished-at="2024-03-19T01:21:13 IST" duration-ms="11742" status="PASS">
          <params>
            <param index="0">
              <value>
                <![CDATA[Chrome]]>
              </value>
            </param>
          </params>
          <reporter-output>
          </reporter-output>
        </test-method> <!-- setUp -->
        <test-method signature="verifyTotalPrice()[pri:0, instance:com.MyStore.TestCases.OrderPageTest@4c371370]" started-at="2024-03-19T01:21:13 IST" name="verifyTotalPrice" finished-at="2024-03-19T01:21:28 IST" duration-ms="15436" status="FAIL">
          <exception class="org.openqa.selenium.TimeoutException">
            <message>
              <![CDATA[Expected condition failed: waiting for visibility of [[ChromeDriver: chrome on windows (8e279f81e7ebaa1769ae270e0056082a)] -> xpath: //span[normalize-space()='Proceed to checkout']] (tried for 10 second(s) with 500 milliseconds interval)
Build info: version: '4.18.1', revision: 'b1d3319b48'
System info: os.name: 'Windows 10', os.arch: 'amd64', os.version: '10.0', java.version: '21.0.1'
Driver info: org.openqa.selenium.chrome.ChromeDriver
Capabilities {acceptInsecureCerts: false, browserName: chrome, browserVersion: 122.0.6261.129, chrome: {chromedriverVersion: 122.0.6261.128 (f18a44fedeb..., userDataDir: C:\Users\Vijay\AppData\Loca...}, fedcm:accounts: true, goog:chromeOptions: {debuggerAddress: localhost:49317}, networkConnectionEnabled: false, pageLoadStrategy: normal, platformName: windows, proxy: Proxy(), se:cdp: ws://localhost:49317/devtoo..., se:cdpVersion: 122.0.6261.129, setWindowRect: true, strictFileInteractability: false, timeouts: {implicit: 0, pageLoad: 300000, script: 30000}, unhandledPromptBehavior: dismiss and notify, webauthn:extension:credBlob: true, webauthn:extension:largeBlob: true, webauthn:extension:minPinLength: true, webauthn:extension:prf: true, webauthn:virtualAuthenticators: true}
Session ID: 8e279f81e7ebaa1769ae270e0056082a]]>
            </message>
            <full-stacktrace>
              <![CDATA[org.openqa.selenium.TimeoutException: Expected condition failed: waiting for visibility of [[ChromeDriver: chrome on windows (8e279f81e7ebaa1769ae270e0056082a)] -> xpath: //span[normalize-space()='Proceed to checkout']] (tried for 10 second(s) with 500 milliseconds interval)
Build info: version: '4.18.1', revision: 'b1d3319b48'
System info: os.name: 'Windows 10', os.arch: 'amd64', os.version: '10.0', java.version: '21.0.1'
Driver info: org.openqa.selenium.chrome.ChromeDriver
Capabilities {acceptInsecureCerts: false, browserName: chrome, browserVersion: 122.0.6261.129, chrome: {chromedriverVersion: 122.0.6261.128 (f18a44fedeb..., userDataDir: C:\Users\Vijay\AppData\Loca...}, fedcm:accounts: true, goog:chromeOptions: {debuggerAddress: localhost:49317}, networkConnectionEnabled: false, pageLoadStrategy: normal, platformName: windows, proxy: Proxy(), se:cdp: ws://localhost:49317/devtoo..., se:cdpVersion: 122.0.6261.129, setWindowRect: true, strictFileInteractability: false, timeouts: {implicit: 0, pageLoad: 300000, script: 30000}, unhandledPromptBehavior: dismiss and notify, webauthn:extension:credBlob: true, webauthn:extension:largeBlob: true, webauthn:extension:minPinLength: true, webauthn:extension:prf: true, webauthn:virtualAuthenticators: true}
Session ID: 8e279f81e7ebaa1769ae270e0056082a
at org.openqa.selenium.support.ui.WebDriverWait.timeoutException(WebDriverWait.java:84)
at org.openqa.selenium.support.ui.FluentWait.until(FluentWait.java:228)
at com.MyStore.actionDrivers.Action.expliciWait(Action.java:754)
at com.MyStore.Pages.AddToCartPage.clickOnPrceedToCheck(AddToCartPage.java:75)
at com.MyStore.TestCases.OrderPageTest.verifyTotalPrice(OrderPageTest.java:43)
at java.base/jdk.internal.reflect.DirectMethodHandleAccessor.invoke(DirectMethodHandleAccessor.java:103)
at java.base/java.lang.reflect.Method.invoke(Method.java:580)
at org.testng.internal.MethodInvocationHelper.invokeMethod(MethodInvocationHelper.java:133)
at org.testng.internal.TestInvoker.invokeMethod(TestInvoker.java:598)
at org.testng.internal.TestInvoker.invokeTestMethod(TestInvoker.java:173)
at org.testng.internal.MethodRunner.runInSequence(MethodRunner.java:46)
at org.testng.internal.TestInvoker$MethodInvocationAgent.invoke(TestInvoker.java:824)
at org.testng.internal.TestInvoker.invokeTestMethods(TestInvoker.java:146)
at org.testng.internal.TestMethodWorker.invokeTestMethods(TestMethodWorker.java:146)
at org.testng.internal.TestMethodWorker.run(TestMethodWorker.java:128)
at java.base/java.util.ArrayList.forEach(ArrayList.java:1596)
at org.testng.TestRunner.privateRun(TestRunner.java:794)
at org.testng.TestRunner.run(TestRunner.java:596)
at org.testng.SuiteRunner.runTest(SuiteRunner.java:377)
at org.testng.SuiteRunner.runSequentially(SuiteRunner.java:371)
at org.testng.SuiteRunner.privateRun(SuiteRunner.java:332)
at org.testng.SuiteRunner.run(SuiteRunner.java:276)
at org.testng.SuiteRunnerWorker.runSuite(SuiteRunnerWorker.java:53)
at org.testng.SuiteRunnerWorker.run(SuiteRunnerWorker.java:96)
at org.testng.TestNG.runSuitesSequentially(TestNG.java:1212)
at org.testng.TestNG.runSuitesLocally(TestNG.java:1134)
at org.testng.TestNG.runSuites(TestNG.java:1063)
at org.testng.TestNG.run(TestNG.java:1031)
at org.testng.remote.AbstractRemoteTestNG.run(AbstractRemoteTestNG.java:115)
at org.testng.remote.RemoteTestNG.initAndRun(RemoteTestNG.java:251)
at org.testng.remote.RemoteTestNG.main(RemoteTestNG.java:77)
]]>
            </full-stacktrace>
          </exception> <!-- org.openqa.selenium.TimeoutException -->
          <reporter-output>
          </reporter-output>
        </test-method> <!-- verifyTotalPrice -->
        <test-method is-config="true" signature="tearDown()[pri:0, instance:com.MyStore.TestCases.OrderPageTest@4c371370]" started-at="2024-03-19T01:21:30 IST" name="tearDown" finished-at="2024-03-19T01:21:30 IST" duration-ms="320" status="PASS">
          <reporter-output>
          </reporter-output>
        </test-method> <!-- tearDown -->
      </class> <!-- com.MyStore.TestCases.OrderPageTest -->
      <class name="com.MyStore.TestCases.EndToEndTest">
        <test-method is-config="true" signature="setUp(java.lang.String)[pri:0, instance:com.MyStore.TestCases.EndToEndTest@145f66e3]" started-at="2024-03-19T01:21:30 IST" name="setUp" finished-at="2024-03-19T01:21:44 IST" duration-ms="13888" status="PASS">
          <params>
            <param index="0">
              <value>
                <![CDATA[Chrome]]>
              </value>
            </param>
          </params>
          <reporter-output>
          </reporter-output>
        </test-method> <!-- setUp -->
        <test-method signature="endToEndTest()[pri:0, instance:com.MyStore.TestCases.EndToEndTest@145f66e3]" started-at="2024-03-19T01:21:44 IST" name="endToEndTest" finished-at="2024-03-19T01:22:18 IST" duration-ms="33646" status="PASS">
          <reporter-output>
          </reporter-output>
        </test-method> <!-- endToEndTest -->
        <test-method is-config="true" signature="tearDown()[pri:0, instance:com.MyStore.TestCases.EndToEndTest@145f66e3]" started-at="2024-03-19T01:22:18 IST" name="tearDown" finished-at="2024-03-19T01:22:19 IST" duration-ms="964" status="PASS">
          <reporter-output>
          </reporter-output>
        </test-method> <!-- tearDown -->
      </class> <!-- com.MyStore.TestCases.EndToEndTest -->
    </test> <!-- Test -->
  </suite> <!-- Suite -->
</testng-results>
